# JRE version: Java(TM) SE Runtime Environment (8.0_181-b13) (build 1.8.0_181-b13)
# Java VM: Java HotSpot(TM) 64-Bit Server VM (25.181-b13 mixed mode windows-amd64 compressed oops)
Heap:
 PSYoungGen      total 136704K, used 83044K [0x00000000eb380000, 0x00000000f3e80000, 0x0000000100000000)
  eden space 131072K, 62% used [0x00000000eb380000,0x00000000f03b28f0,0x00000000f3380000)
  from space 5632K, 16% used [0x00000000f3900000,0x00000000f39e69d0,0x00000000f3e80000)
  to   space 5632K, 0% used [0x00000000f3380000,0x00000000f3380000,0x00000000f3900000)
 ParOldGen       total 44032K, used 18214K [0x00000000c1a00000, 0x00000000c4500000, 0x00000000eb380000)
  object space 44032K, 41% used [0x00000000c1a00000,0x00000000c2bc9a08,0x00000000c4500000)
 Metaspace       used 20028K, capacity 20676K, committed 20992K, reserved 1067008K
  class space    used 2578K, capacity 2741K, committed 2816K, reserved 1048576K
GC Heap History (10 events):
Event: 2.473 GC heap before
{Heap before GC invocations=4 (full 0):
 PSYoungGen      total 18944K, used 18857K [0x00000000eb380000, 0x00000000ed880000, 0x0000000100000000)
  eden space 16384K, 99% used [0x00000000eb380000,0x00000000ec372468,0x00000000ec380000)
  from space 2560K, 98% used [0x00000000ec380000,0x00000000ec5f8040,0x00000000ec600000)
  to   space 2560K, 0% used [0x00000000ed600000,0x00000000ed600000,0x00000000ed880000)
 ParOldGen       total 44032K, used 4264K [0x00000000c1a00000, 0x00000000c4500000, 0x00000000eb380000)
  object space 44032K, 9% used [0x00000000c1a00000,0x00000000c1e2a1e0,0x00000000c4500000)
 Metaspace       used 17457K, capacity 18100K, committed 18432K, reserved 1064960K
  class space    used 2349K, capacity 2519K, committed 2560K, reserved 1048576K
Event: 2.479 GC heap after
Heap after GC invocations=4 (full 0):
 PSYoungGen      total 35328K, used 2528K [0x00000000eb380000, 0x00000000ed880000, 0x0000000100000000)
  eden space 32768K, 0% used [0x00000000eb380000,0x00000000eb380000,0x00000000ed380000)
  from space 2560K, 98% used [0x00000000ed600000,0x00000000ed878040,0x00000000ed880000)
  to   space 2560K, 0% used [0x00000000ed380000,0x00000000ed380000,0x00000000ed600000)
 ParOldGen       total 44032K, used 4330K [0x00000000c1a00000, 0x00000000c4500000, 0x00000000eb380000)
  object space 44032K, 9% used [0x00000000c1a00000,0x00000000c1e3a920,0x00000000c4500000)
 Metaspace       used 17457K, capacity 18100K, committed 18432K, reserved 1064960K
  class space    used 2349K, capacity 2519K, committed 2560K, reserved 1048576K
}
Event: 2.515 GC heap before
{Heap before GC invocations=5 (full 0):
 PSYoungGen      total 35328K, used 35213K [0x00000000eb380000, 0x00000000ed880000, 0x0000000100000000)
  eden space 32768K, 99% used [0x00000000eb380000,0x00000000ed36b6b0,0x00000000ed380000)
  from space 2560K, 98% used [0x00000000ed600000,0x00000000ed878040,0x00000000ed880000)
  to   space 2560K, 0% used [0x00000000ed380000,0x00000000ed380000,0x00000000ed600000)
 ParOldGen       total 44032K, used 4330K [0x00000000c1a00000, 0x00000000c4500000, 0x00000000eb380000)
  object space 44032K, 9% used [0x00000000c1a00000,0x00000000c1e3a920,0x00000000c4500000)
 Metaspace       used 17482K, capacity 18114K, committed 18432K, reserved 1064960K
  class space    used 2353K, capacity 2524K, committed 2560K, reserved 1048576K
Event: 2.522 GC heap after
Heap after GC invocations=5 (full 0):
 PSYoungGen      total 35328K, used 2528K [0x00000000eb380000, 0x00000000efe80000, 0x0000000100000000)
  eden space 32768K, 0% used [0x00000000eb380000,0x00000000eb380000,0x00000000ed380000)
  from space 2560K, 98% used [0x00000000ed380000,0x00000000ed5f8040,0x00000000ed600000)
  to   space 5632K, 0% used [0x00000000ef900000,0x00000000ef900000,0x00000000efe80000)
 ParOldGen       total 44032K, used 4563K [0x00000000c1a00000, 0x00000000c4500000, 0x00000000eb380000)
  object space 44032K, 10% used [0x00000000c1a00000,0x00000000c1e74e90,0x00000000c4500000)
 Metaspace       used 17482K, capacity 18114K, committed 18432K, reserved 1064960K
  class space    used 2353K, capacity 2524K, committed 2560K, reserved 1048576K
}
Event: 2.537 GC heap before
{Heap before GC invocations=6 (full 0):
 PSYoungGen      total 35328K, used 35202K [0x00000000eb380000, 0x00000000efe80000, 0x0000000100000000)
  eden space 32768K, 99% used [0x00000000eb380000,0x00000000ed3688b8,0x00000000ed380000)
  from space 2560K, 98% used [0x00000000ed380000,0x00000000ed5f8040,0x00000000ed600000)
  to   space 5632K, 0% used [0x00000000ef900000,0x00000000ef900000,0x00000000efe80000)
 ParOldGen       total 44032K, used 4563K [0x00000000c1a00000, 0x00000000c4500000, 0x00000000eb380000)
  object space 44032K, 10% used [0x00000000c1a00000,0x00000000c1e74e90,0x00000000c4500000)
 Metaspace       used 17576K, capacity 18242K, committed 18432K, reserved 1064960K
  class space    used 2358K, capacity 2524K, committed 2560K, reserved 1048576K
Event: 2.543 GC heap after
Heap after GC invocations=6 (full 0):
 PSYoungGen      total 71168K, used 2846K [0x00000000eb380000, 0x00000000efe80000, 0x0000000100000000)
  eden space 65536K, 0% used [0x00000000eb380000,0x00000000eb380000,0x00000000ef380000)
  from space 5632K, 50% used [0x00000000ef900000,0x00000000efbc7ad0,0x00000000efe80000)
  to   space 5632K, 0% used [0x00000000ef380000,0x00000000ef380000,0x00000000ef900000)
 ParOldGen       total 44032K, used 4563K [0x00000000c1a00000, 0x00000000c4500000, 0x00000000eb380000)
  object space 44032K, 10% used [0x00000000c1a00000,0x00000000c1e74e90,0x00000000c4500000)
 Metaspace       used 17576K, capacity 18242K, committed 18432K, reserved 1064960K
  class space    used 2358K, capacity 2524K, committed 2560K, reserved 1048576K
}
Event: 2.601 GC heap before
{Heap before GC invocations=7 (full 0):
 PSYoungGen      total 71168K, used 68299K [0x00000000eb380000, 0x00000000efe80000, 0x0000000100000000)
  eden space 65536K, 99% used [0x00000000eb380000,0x00000000ef36b3b0,0x00000000ef380000)
  from space 5632K, 50% used [0x00000000ef900000,0x00000000efbc7ad0,0x00000000efe80000)
  to   space 5632K, 0% used [0x00000000ef380000,0x00000000ef380000,0x00000000ef900000)
 ParOldGen       total 44032K, used 4708K [0x00000000c1a00000, 0x00000000c4500000, 0x00000000eb380000)
  object space 44032K, 10% used [0x00000000c1a00000,0x00000000c1e99290,0x00000000c4500000)
 Metaspace       used 17617K, capacity 18248K, committed 18432K, reserved 1064960K
  class space    used 2358K, capacity 2525K, committed 2560K, reserved 1048576K
Event: 2.609 GC heap after
Heap after GC invocations=7 (full 0):
 PSYoungGen      total 71168K, used 1653K [0x00000000eb380000, 0x00000000f3e80000, 0x0000000100000000)
  eden space 65536K, 0% used [0x00000000eb380000,0x00000000eb380000,0x00000000ef380000)
  from space 5632K, 29% used [0x00000000ef380000,0x00000000ef51d7e8,0x00000000ef900000)
  to   space 5632K, 0% used [0x00000000f3900000,0x00000000f3900000,0x00000000f3e80000)
 ParOldGen       total 44032K, used 6634K [0x00000000c1a00000, 0x00000000c4500000, 0x00000000eb380000)
  object space 44032K, 15% used [0x00000000c1a00000,0x00000000c207a8b0,0x00000000c4500000)
 Metaspace       used 17617K, capacity 18248K, committed 18432K, reserved 1064960K
  class space    used 2358K, capacity 2525K, committed 2560K, reserved 1048576K
}
Event: 2.670 GC heap before
{Heap before GC invocations=8 (full 0):
 PSYoungGen      total 71168K, used 67093K [0x00000000eb380000, 0x00000000f3e80000, 0x0000000100000000)
  eden space 65536K, 99% used [0x00000000eb380000,0x00000000ef367c40,0x00000000ef380000)
  from space 5632K, 29% used [0x00000000ef380000,0x00000000ef51d7e8,0x00000000ef900000)
  to   space 5632K, 0% used [0x00000000f3900000,0x00000000f3900000,0x00000000f3e80000)
 ParOldGen       total 44032K, used 17638K [0x00000000c1a00000, 0x00000000c4500000, 0x00000000eb380000)
  object space 44032K, 40% used [0x00000000c1a00000,0x00000000c2b39a00,0x00000000c4500000)
 Metaspace       used 17806K, capacity 18440K, committed 18688K, reserved 1064960K
  class space    used 2374K, capacity 2525K, committed 2560K, reserved 1048576K
Event: 2.673 GC heap after
Heap after GC invocations=8 (full 0):
 PSYoungGen      total 136704K, used 922K [0x00000000eb380000, 0x00000000f3e80000, 0x0000000100000000)
  eden space 131072K, 0% used [0x00000000eb380000,0x00000000eb380000,0x00000000f3380000)
  from space 5632K, 16% used [0x00000000f3900000,0x00000000f39e69d0,0x00000000f3e80000)
  to   space 5632K, 0% used [0x00000000f3380000,0x00000000f3380000,0x00000000f3900000)
 ParOldGen       total 44032K, used 18214K [0x00000000c1a00000, 0x00000000c4500000, 0x00000000eb380000)
  object space 44032K, 41% used [0x00000000c1a00000,0x00000000c2bc9a08,0x00000000c4500000)
 Metaspace       used 17806K, capacity 18440K, committed 18688K, reserved 1064960K
  class space    used 2374K, capacity 2525K, committed 2560K, reserved 1048576K
}

