# JRE version: Java(TM) SE Runtime Environment (8.0_181-b13) (build 1.8.0_181-b13)
# Java VM: Java HotSpot(TM) 64-Bit Server VM (25.181-b13 mixed mode windows-amd64 compressed oops)
Heap:
 PSYoungGen      total 99328K, used 56670K [0x00000000eb380000, 0x00000000f1b80000, 0x0000000100000000)
  eden space 94208K, 59% used [0x00000000eb380000,0x00000000eea69718,0x00000000f0f80000)
  from space 5120K, 8% used [0x00000000f1680000,0x00000000f16ee0f0,0x00000000f1b80000)
  to   space 6144K, 0% used [0x00000000f0f80000,0x00000000f0f80000,0x00000000f1580000)
 ParOldGen       total 36352K, used 11782K [0x00000000c1a00000, 0x00000000c3d80000, 0x00000000eb380000)
  object space 36352K, 32% used [0x00000000c1a00000,0x00000000c2581980,0x00000000c3d80000)
 Metaspace       used 24998K, capacity 25842K, committed 25984K, reserved 1071104K
  class space    used 3197K, capacity 3410K, committed 3456K, reserved 1048576K
GC Heap History (10 events):
Event: 3.645 GC heap before
{Heap before GC invocations=7 (full 1):
 PSYoungGen      total 35328K, used 35302K [0x00000000eb380000, 0x00000000ee100000, 0x0000000100000000)
  eden space 32768K, 99% used [0x00000000eb380000,0x00000000ed37c268,0x00000000ed380000)
  from space 2560K, 99% used [0x00000000ed380000,0x00000000ed5fd5c0,0x00000000ed600000)
  to   space 5632K, 0% used [0x00000000edb80000,0x00000000edb80000,0x00000000ee100000)
 ParOldGen       total 36352K, used 9050K [0x00000000c1a00000, 0x00000000c3d80000, 0x00000000eb380000)
  object space 36352K, 24% used [0x00000000c1a00000,0x00000000c22d6bc0,0x00000000c3d80000)
 Metaspace       used 22901K, capacity 23634K, committed 23808K, reserved 1069056K
  class space    used 3018K, capacity 3224K, committed 3328K, reserved 1048576K
Event: 3.651 GC heap after
Heap after GC invocations=7 (full 1):
 PSYoungGen      total 40960K, used 2791K [0x00000000eb380000, 0x00000000ef300000, 0x0000000100000000)
  eden space 35328K, 0% used [0x00000000eb380000,0x00000000eb380000,0x00000000ed600000)
  from space 5632K, 49% used [0x00000000edb80000,0x00000000ede39ef8,0x00000000ee100000)
  to   space 5632K, 0% used [0x00000000ed600000,0x00000000ed600000,0x00000000edb80000)
 ParOldGen       total 36352K, used 9050K [0x00000000c1a00000, 0x00000000c3d80000, 0x00000000eb380000)
  object space 36352K, 24% used [0x00000000c1a00000,0x00000000c22d6bc0,0x00000000c3d80000)
 Metaspace       used 22901K, capacity 23634K, committed 23808K, reserved 1069056K
  class space    used 3018K, capacity 3224K, committed 3328K, reserved 1048576K
}
Event: 3.667 GC heap before
{Heap before GC invocations=8 (full 1):
 PSYoungGen      total 40960K, used 38058K [0x00000000eb380000, 0x00000000ef300000, 0x0000000100000000)
  eden space 35328K, 99% used [0x00000000eb380000,0x00000000ed5f0a58,0x00000000ed600000)
  from space 5632K, 49% used [0x00000000edb80000,0x00000000ede39ef8,0x00000000ee100000)
  to   space 5632K, 0% used [0x00000000ed600000,0x00000000ed600000,0x00000000edb80000)
 ParOldGen       total 36352K, used 9050K [0x00000000c1a00000, 0x00000000c3d80000, 0x00000000eb380000)
  object space 36352K, 24% used [0x00000000c1a00000,0x00000000c22d6bc0,0x00000000c3d80000)
 Metaspace       used 22930K, capacity 23634K, committed 23808K, reserved 1069056K
  class space    used 3023K, capacity 3224K, committed 3328K, reserved 1048576K
Event: 3.673 GC heap after
Heap after GC invocations=8 (full 1):
 PSYoungGen      total 40960K, used 2897K [0x00000000eb380000, 0x00000000efc80000, 0x0000000100000000)
  eden space 35328K, 0% used [0x00000000eb380000,0x00000000eb380000,0x00000000ed600000)
  from space 5632K, 51% used [0x00000000ed600000,0x00000000ed8d4548,0x00000000edb80000)
  to   space 5632K, 0% used [0x00000000ef700000,0x00000000ef700000,0x00000000efc80000)
 ParOldGen       total 36352K, used 9050K [0x00000000c1a00000, 0x00000000c3d80000, 0x00000000eb380000)
  object space 36352K, 24% used [0x00000000c1a00000,0x00000000c22d6bc0,0x00000000c3d80000)
 Metaspace       used 22930K, capacity 23634K, committed 23808K, reserved 1069056K
  class space    used 3023K, capacity 3224K, committed 3328K, reserved 1048576K
}
Event: 3.690 GC heap before
{Heap before GC invocations=9 (full 1):
 PSYoungGen      total 40960K, used 38212K [0x00000000eb380000, 0x00000000efc80000, 0x0000000100000000)
  eden space 35328K, 99% used [0x00000000eb380000,0x00000000ed5fcea0,0x00000000ed600000)
  from space 5632K, 51% used [0x00000000ed600000,0x00000000ed8d4548,0x00000000edb80000)
  to   space 5632K, 0% used [0x00000000ef700000,0x00000000ef700000,0x00000000efc80000)
 ParOldGen       total 36352K, used 9050K [0x00000000c1a00000, 0x00000000c3d80000, 0x00000000eb380000)
  object space 36352K, 24% used [0x00000000c1a00000,0x00000000c22d6bc0,0x00000000c3d80000)
 Metaspace       used 23012K, capacity 23768K, committed 24064K, reserved 1071104K
  class space    used 3034K, capacity 3225K, committed 3328K, reserved 1048576K
Event: 3.697 GC heap after
Heap after GC invocations=9 (full 1):
 PSYoungGen      total 68608K, used 1084K [0x00000000eb380000, 0x00000000eff80000, 0x0000000100000000)
  eden space 62976K, 0% used [0x00000000eb380000,0x00000000eb380000,0x00000000ef100000)
  from space 5632K, 19% used [0x00000000ef700000,0x00000000ef80f378,0x00000000efc80000)
  to   space 6144K, 0% used [0x00000000ef100000,0x00000000ef100000,0x00000000ef700000)
 ParOldGen       total 36352K, used 10955K [0x00000000c1a00000, 0x00000000c3d80000, 0x00000000eb380000)
  object space 36352K, 30% used [0x00000000c1a00000,0x00000000c24b2d98,0x00000000c3d80000)
 Metaspace       used 23012K, capacity 23768K, committed 24064K, reserved 1071104K
  class space    used 3034K, capacity 3225K, committed 3328K, reserved 1048576K
}
Event: 3.778 GC heap before
{Heap before GC invocations=10 (full 1):
 PSYoungGen      total 68608K, used 63922K [0x00000000eb380000, 0x00000000eff80000, 0x0000000100000000)
  eden space 62976K, 99% used [0x00000000eb380000,0x00000000ef0dd508,0x00000000ef100000)
  from space 5632K, 19% used [0x00000000ef700000,0x00000000ef80f378,0x00000000efc80000)
  to   space 6144K, 0% used [0x00000000ef100000,0x00000000ef100000,0x00000000ef700000)
 ParOldGen       total 36352K, used 10955K [0x00000000c1a00000, 0x00000000c3d80000, 0x00000000eb380000)
  object space 36352K, 30% used [0x00000000c1a00000,0x00000000c24b2d98,0x00000000c3d80000)
 Metaspace       used 23114K, capacity 23864K, committed 24064K, reserved 1071104K
  class space    used 3043K, capacity 3257K, committed 3328K, reserved 1048576K
Event: 3.788 GC heap after
Heap after GC invocations=10 (full 1):
 PSYoungGen      total 69120K, used 478K [0x00000000eb380000, 0x00000000f1c80000, 0x0000000100000000)
  eden space 62976K, 0% used [0x00000000eb380000,0x00000000eb380000,0x00000000ef100000)
  from space 6144K, 7% used [0x00000000ef100000,0x00000000ef177bf8,0x00000000ef700000)
  to   space 6144K, 0% used [0x00000000f1680000,0x00000000f1680000,0x00000000f1c80000)
 ParOldGen       total 36352K, used 11712K [0x00000000c1a00000, 0x00000000c3d80000, 0x00000000eb380000)
  object space 36352K, 32% used [0x00000000c1a00000,0x00000000c2570328,0x00000000c3d80000)
 Metaspace       used 23114K, capacity 23864K, committed 24064K, reserved 1071104K
  class space    used 3043K, capacity 3257K, committed 3328K, reserved 1048576K
}
Event: 3.833 GC heap before
{Heap before GC invocations=11 (full 1):
 PSYoungGen      total 69120K, used 63310K [0x00000000eb380000, 0x00000000f1c80000, 0x0000000100000000)
  eden space 62976K, 99% used [0x00000000eb380000,0x00000000ef0dbc18,0x00000000ef100000)
  from space 6144K, 7% used [0x00000000ef100000,0x00000000ef177bf8,0x00000000ef700000)
  to   space 6144K, 0% used [0x00000000f1680000,0x00000000f1680000,0x00000000f1c80000)
 ParOldGen       total 36352K, used 11712K [0x00000000c1a00000, 0x00000000c3d80000, 0x00000000eb380000)
  object space 36352K, 32% used [0x00000000c1a00000,0x00000000c2570328,0x00000000c3d80000)
 Metaspace       used 23150K, capacity 23932K, committed 24064K, reserved 1071104K
  class space    used 3046K, capacity 3257K, committed 3328K, reserved 1048576K
Event: 3.835 GC heap after
Heap after GC invocations=11 (full 1):
 PSYoungGen      total 99328K, used 440K [0x00000000eb380000, 0x00000000f1b80000, 0x0000000100000000)
  eden space 94208K, 0% used [0x00000000eb380000,0x00000000eb380000,0x00000000f0f80000)
  from space 5120K, 8% used [0x00000000f1680000,0x00000000f16ee0f0,0x00000000f1b80000)
  to   space 6144K, 0% used [0x00000000f0f80000,0x00000000f0f80000,0x00000000f1580000)
 ParOldGen       total 36352K, used 11782K [0x00000000c1a00000, 0x00000000c3d80000, 0x00000000eb380000)
  object space 36352K, 32% used [0x00000000c1a00000,0x00000000c2581980,0x00000000c3d80000)
 Metaspace       used 23150K, capacity 23932K, committed 24064K, reserved 1071104K
  class space    used 3046K, capacity 3257K, committed 3328K, reserved 1048576K
}

