# JRE version: Java(TM) SE Runtime Environment (8.0_181-b13) (build 1.8.0_181-b13)
# Java VM: Java HotSpot(TM) 64-Bit Server VM (25.181-b13 mixed mode windows-amd64 compressed oops)
Heap:
 PSYoungGen      total 135680K, used 103084K [0x00000000eb380000, 0x00000000f3e80000, 0x0000000100000000)
  eden space 130560K, 78% used [0x00000000eb380000,0x00000000f17df368,0x00000000f3300000)
  from space 5120K, 5% used [0x00000000f3880000,0x00000000f38cc050,0x00000000f3d80000)
  to   space 5632K, 0% used [0x00000000f3300000,0x00000000f3300000,0x00000000f3880000)
 ParOldGen       total 44032K, used 6007K [0x00000000c1a00000, 0x00000000c4500000, 0x00000000eb380000)
  object space 44032K, 13% used [0x00000000c1a00000,0x00000000c1fddee0,0x00000000c4500000)
 Metaspace       used 19926K, capacity 20632K, committed 20736K, reserved 1067008K
  class space    used 2570K, capacity 2747K, committed 2816K, reserved 1048576K
GC Heap History (10 events):
Event: 4.756 GC heap before
{Heap before GC invocations=4 (full 0):
 PSYoungGen      total 18944K, used 18898K [0x00000000eb380000, 0x00000000ed880000, 0x0000000100000000)
  eden space 16384K, 99% used [0x00000000eb380000,0x00000000ec37c7d8,0x00000000ec380000)
  from space 2560K, 98% used [0x00000000ec380000,0x00000000ec5f8080,0x00000000ec600000)
  to   space 2560K, 0% used [0x00000000ed600000,0x00000000ed600000,0x00000000ed880000)
 ParOldGen       total 44032K, used 3427K [0x00000000c1a00000, 0x00000000c4500000, 0x00000000eb380000)
  object space 44032K, 7% used [0x00000000c1a00000,0x00000000c1d58fb0,0x00000000c4500000)
 Metaspace       used 16963K, capacity 17576K, committed 17920K, reserved 1064960K
  class space    used 2286K, capacity 2453K, committed 2560K, reserved 1048576K
Event: 4.765 GC heap after
Heap after GC invocations=4 (full 0):
 PSYoungGen      total 35328K, used 2541K [0x00000000eb380000, 0x00000000ed880000, 0x0000000100000000)
  eden space 32768K, 0% used [0x00000000eb380000,0x00000000eb380000,0x00000000ed380000)
  from space 2560K, 99% used [0x00000000ed600000,0x00000000ed87b7d8,0x00000000ed880000)
  to   space 2560K, 0% used [0x00000000ed380000,0x00000000ed380000,0x00000000ed600000)
 ParOldGen       total 44032K, used 3547K [0x00000000c1a00000, 0x00000000c4500000, 0x00000000eb380000)
  object space 44032K, 8% used [0x00000000c1a00000,0x00000000c1d76fb0,0x00000000c4500000)
 Metaspace       used 16963K, capacity 17576K, committed 17920K, reserved 1064960K
  class space    used 2286K, capacity 2453K, committed 2560K, reserved 1048576K
}
Event: 4.809 GC heap before
{Heap before GC invocations=5 (full 0):
 PSYoungGen      total 35328K, used 35280K [0x00000000eb380000, 0x00000000ed880000, 0x0000000100000000)
  eden space 32768K, 99% used [0x00000000eb380000,0x00000000ed378a10,0x00000000ed380000)
  from space 2560K, 99% used [0x00000000ed600000,0x00000000ed87b7d8,0x00000000ed880000)
  to   space 2560K, 0% used [0x00000000ed380000,0x00000000ed380000,0x00000000ed600000)
 ParOldGen       total 44032K, used 3547K [0x00000000c1a00000, 0x00000000c4500000, 0x00000000eb380000)
  object space 44032K, 8% used [0x00000000c1a00000,0x00000000c1d76fb0,0x00000000c4500000)
 Metaspace       used 17046K, capacity 17672K, committed 17920K, reserved 1064960K
  class space    used 2297K, capacity 2485K, committed 2560K, reserved 1048576K
Event: 4.816 GC heap after
Heap after GC invocations=5 (full 0):
 PSYoungGen      total 35328K, used 2538K [0x00000000eb380000, 0x00000000efd80000, 0x0000000100000000)
  eden space 32768K, 0% used [0x00000000eb380000,0x00000000eb380000,0x00000000ed380000)
  from space 2560K, 99% used [0x00000000ed380000,0x00000000ed5fa958,0x00000000ed600000)
  to   space 5120K, 0% used [0x00000000ef880000,0x00000000ef880000,0x00000000efd80000)
 ParOldGen       total 44032K, used 3603K [0x00000000c1a00000, 0x00000000c4500000, 0x00000000eb380000)
  object space 44032K, 8% used [0x00000000c1a00000,0x00000000c1d84fb0,0x00000000c4500000)
 Metaspace       used 17046K, capacity 17672K, committed 17920K, reserved 1064960K
  class space    used 2297K, capacity 2485K, committed 2560K, reserved 1048576K
}
Event: 4.830 GC heap before
{Heap before GC invocations=6 (full 0):
 PSYoungGen      total 35328K, used 35295K [0x00000000eb380000, 0x00000000efd80000, 0x0000000100000000)
  eden space 32768K, 99% used [0x00000000eb380000,0x00000000ed37d518,0x00000000ed380000)
  from space 2560K, 99% used [0x00000000ed380000,0x00000000ed5fa958,0x00000000ed600000)
  to   space 5120K, 0% used [0x00000000ef880000,0x00000000ef880000,0x00000000efd80000)
 ParOldGen       total 44032K, used 3603K [0x00000000c1a00000, 0x00000000c4500000, 0x00000000eb380000)
  object space 44032K, 8% used [0x00000000c1a00000,0x00000000c1d84fb0,0x00000000c4500000)
 Metaspace       used 17095K, capacity 17736K, committed 17920K, reserved 1064960K
  class space    used 2306K, capacity 2485K, committed 2560K, reserved 1048576K
Event: 4.837 GC heap after
Heap after GC invocations=6 (full 0):
 PSYoungGen      total 70656K, used 2528K [0x00000000eb380000, 0x00000000efd80000, 0x0000000100000000)
  eden space 65536K, 0% used [0x00000000eb380000,0x00000000eb380000,0x00000000ef380000)
  from space 5120K, 49% used [0x00000000ef880000,0x00000000efaf8350,0x00000000efd80000)
  to   space 5120K, 0% used [0x00000000ef380000,0x00000000ef380000,0x00000000ef880000)
 ParOldGen       total 44032K, used 3603K [0x00000000c1a00000, 0x00000000c4500000, 0x00000000eb380000)
  object space 44032K, 8% used [0x00000000c1a00000,0x00000000c1d84fb0,0x00000000c4500000)
 Metaspace       used 17095K, capacity 17736K, committed 17920K, reserved 1064960K
  class space    used 2306K, capacity 2485K, committed 2560K, reserved 1048576K
}
Event: 4.879 GC heap before
{Heap before GC invocations=7 (full 0):
 PSYoungGen      total 70656K, used 67932K [0x00000000eb380000, 0x00000000efd80000, 0x0000000100000000)
  eden space 65536K, 99% used [0x00000000eb380000,0x00000000ef35ee88,0x00000000ef380000)
  from space 5120K, 49% used [0x00000000ef880000,0x00000000efaf8350,0x00000000efd80000)
  to   space 5120K, 0% used [0x00000000ef380000,0x00000000ef380000,0x00000000ef880000)
 ParOldGen       total 44032K, used 3603K [0x00000000c1a00000, 0x00000000c4500000, 0x00000000eb380000)
  object space 44032K, 8% used [0x00000000c1a00000,0x00000000c1d84fb0,0x00000000c4500000)
 Metaspace       used 17095K, capacity 17736K, committed 17920K, reserved 1064960K
  class space    used 2306K, capacity 2485K, committed 2560K, reserved 1048576K
Event: 4.885 GC heap after
Heap after GC invocations=7 (full 0):
 PSYoungGen      total 70656K, used 643K [0x00000000eb380000, 0x00000000f3d80000, 0x0000000100000000)
  eden space 65536K, 0% used [0x00000000eb380000,0x00000000eb380000,0x00000000ef380000)
  from space 5120K, 12% used [0x00000000ef380000,0x00000000ef420f70,0x00000000ef880000)
  to   space 5120K, 0% used [0x00000000f3880000,0x00000000f3880000,0x00000000f3d80000)
 ParOldGen       total 44032K, used 5583K [0x00000000c1a00000, 0x00000000c4500000, 0x00000000eb380000)
  object space 44032K, 12% used [0x00000000c1a00000,0x00000000c1f73de0,0x00000000c4500000)
 Metaspace       used 17095K, capacity 17736K, committed 17920K, reserved 1064960K
  class space    used 2306K, capacity 2485K, committed 2560K, reserved 1048576K
}
Event: 4.915 GC heap before
{Heap before GC invocations=8 (full 0):
 PSYoungGen      total 70656K, used 66074K [0x00000000eb380000, 0x00000000f3d80000, 0x0000000100000000)
  eden space 65536K, 99% used [0x00000000eb380000,0x00000000ef365b20,0x00000000ef380000)
  from space 5120K, 12% used [0x00000000ef380000,0x00000000ef420f70,0x00000000ef880000)
  to   space 5120K, 0% used [0x00000000f3880000,0x00000000f3880000,0x00000000f3d80000)
 ParOldGen       total 44032K, used 5583K [0x00000000c1a00000, 0x00000000c4500000, 0x00000000eb380000)
  object space 44032K, 12% used [0x00000000c1a00000,0x00000000c1f73de0,0x00000000c4500000)
 Metaspace       used 17100K, capacity 17736K, committed 17920K, reserved 1064960K
  class space    used 2306K, capacity 2485K, committed 2560K, reserved 1048576K
Event: 4.916 GC heap after
Heap after GC invocations=8 (full 0):
 PSYoungGen      total 135680K, used 304K [0x00000000eb380000, 0x00000000f3e80000, 0x0000000100000000)
  eden space 130560K, 0% used [0x00000000eb380000,0x00000000eb380000,0x00000000f3300000)
  from space 5120K, 5% used [0x00000000f3880000,0x00000000f38cc050,0x00000000f3d80000)
  to   space 5632K, 0% used [0x00000000f3300000,0x00000000f3300000,0x00000000f3880000)
 ParOldGen       total 44032K, used 6007K [0x00000000c1a00000, 0x00000000c4500000, 0x00000000eb380000)
  object space 44032K, 13% used [0x00000000c1a00000,0x00000000c1fddee0,0x00000000c4500000)
 Metaspace       used 17100K, capacity 17736K, committed 17920K, reserved 1064960K
  class space    used 2306K, capacity 2485K, committed 2560K, reserved 1048576K
}

